{"total": {"lines":{"total":773,"covered":734,"skipped":0,"pct":94.95},"statements":{"total":773,"covered":734,"skipped":0,"pct":94.95},"functions":{"total":81,"covered":80,"skipped":0,"pct":98.76},"branches":{"total":225,"covered":202,"skipped":0,"pct":89.77},"branchesTrue":{"total":0,"covered":0,"skipped":0,"pct":100}}
,"C:\\Users\\User\\Documents\\PROJECT_SPATIAL\\packages\\engine\\src\\analysis\\metrics\\average-hit-metric.ts": {"lines":{"total":20,"covered":19,"skipped":0,"pct":95},"functions":{"total":2,"covered":2,"skipped":0,"pct":100},"statements":{"total":20,"covered":19,"skipped":0,"pct":95},"branches":{"total":4,"covered":3,"skipped":0,"pct":75}}
,"C:\\Users\\User\\Documents\\PROJECT_SPATIAL\\packages\\engine\\src\\analysis\\metrics\\hit-distribution.ts": {"lines":{"total":20,"covered":20,"skipped":0,"pct":100},"functions":{"total":2,"covered":2,"skipped":0,"pct":100},"statements":{"total":20,"covered":20,"skipped":0,"pct":100},"branches":{"total":3,"covered":3,"skipped":0,"pct":100}}
,"C:\\Users\\User\\Documents\\PROJECT_SPATIAL\\packages\\engine\\src\\analysis\\metrics\\max-hit-metric.ts": {"lines":{"total":17,"covered":17,"skipped":0,"pct":100},"functions":{"total":2,"covered":2,"skipped":0,"pct":100},"statements":{"total":17,"covered":17,"skipped":0,"pct":100},"branches":{"total":3,"covered":3,"skipped":0,"pct":100}}
,"C:\\Users\\User\\Documents\\PROJECT_SPATIAL\\packages\\engine\\src\\analysis\\metrics\\metric-engine.ts": {"lines":{"total":13,"covered":13,"skipped":0,"pct":100},"functions":{"total":3,"covered":3,"skipped":0,"pct":100},"statements":{"total":13,"covered":13,"skipped":0,"pct":100},"branches":{"total":4,"covered":4,"skipped":0,"pct":100}}
,"C:\\Users\\User\\Documents\\PROJECT_SPATIAL\\packages\\engine\\src\\experiment\\experiment-runner.ts": {"lines":{"total":68,"covered":68,"skipped":0,"pct":100},"functions":{"total":4,"covered":4,"skipped":0,"pct":100},"statements":{"total":68,"covered":68,"skipped":0,"pct":100},"branches":{"total":13,"covered":13,"skipped":0,"pct":100}}
,"C:\\Users\\User\\Documents\\PROJECT_SPATIAL\\packages\\engine\\src\\experiment\\hit-evaluator.ts": {"lines":{"total":24,"covered":24,"skipped":0,"pct":100},"functions":{"total":1,"covered":1,"skipped":0,"pct":100},"statements":{"total":24,"covered":24,"skipped":0,"pct":100},"branches":{"total":5,"covered":5,"skipped":0,"pct":100}}
,"C:\\Users\\User\\Documents\\PROJECT_SPATIAL\\packages\\engine\\src\\import\\csv-import-error.ts": {"lines":{"total":6,"covered":6,"skipped":0,"pct":100},"functions":{"total":2,"covered":2,"skipped":0,"pct":100},"statements":{"total":6,"covered":6,"skipped":0,"pct":100},"branches":{"total":3,"covered":2,"skipped":0,"pct":66.66}}
,"C:\\Users\\User\\Documents\\PROJECT_SPATIAL\\packages\\engine\\src\\import\\csv-import-service.ts": {"lines":{"total":34,"covered":34,"skipped":0,"pct":100},"functions":{"total":3,"covered":3,"skipped":0,"pct":100},"statements":{"total":34,"covered":34,"skipped":0,"pct":100},"branches":{"total":4,"covered":4,"skipped":0,"pct":100}}
,"C:\\Users\\User\\Documents\\PROJECT_SPATIAL\\packages\\engine\\src\\import\\csv-parser.ts": {"lines":{"total":91,"covered":87,"skipped":0,"pct":95.6},"functions":{"total":6,"covered":6,"skipped":0,"pct":100},"statements":{"total":91,"covered":87,"skipped":0,"pct":95.6},"branches":{"total":47,"covered":31,"skipped":0,"pct":65.95}}
,"C:\\Users\\User\\Documents\\PROJECT_SPATIAL\\packages\\engine\\src\\import\\duplicate-detector.ts": {"lines":{"total":24,"covered":24,"skipped":0,"pct":100},"functions":{"total":2,"covered":2,"skipped":0,"pct":100},"statements":{"total":24,"covered":24,"skipped":0,"pct":100},"branches":{"total":8,"covered":7,"skipped":0,"pct":87.5}}
,"C:\\Users\\User\\Documents\\PROJECT_SPATIAL\\packages\\engine\\src\\import\\import-report.ts": {"lines":{"total":0,"covered":0,"skipped":0,"pct":0},"functions":{"total":1,"covered":1,"skipped":0,"pct":0},"statements":{"total":0,"covered":0,"skipped":0,"pct":0},"branches":{"total":1,"covered":1,"skipped":0,"pct":0}}
,"C:\\Users\\User\\Documents\\PROJECT_SPATIAL\\packages\\engine\\src\\import\\persist-import-report.ts": {"lines":{"total":16,"covered":16,"skipped":0,"pct":100},"functions":{"total":1,"covered":1,"skipped":0,"pct":100},"statements":{"total":16,"covered":16,"skipped":0,"pct":100},"branches":{"total":2,"covered":2,"skipped":0,"pct":100}}
,"C:\\Users\\User\\Documents\\PROJECT_SPATIAL\\packages\\engine\\src\\indexing\\bit-mask.ts": {"lines":{"total":55,"covered":55,"skipped":0,"pct":100},"functions":{"total":12,"covered":12,"skipped":0,"pct":100},"statements":{"total":55,"covered":55,"skipped":0,"pct":100},"branches":{"total":21,"covered":21,"skipped":0,"pct":100}}
,"C:\\Users\\User\\Documents\\PROJECT_SPATIAL\\packages\\engine\\src\\indexing\\draw-indexer.ts": {"lines":{"total":19,"covered":19,"skipped":0,"pct":100},"functions":{"total":3,"covered":3,"skipped":0,"pct":100},"statements":{"total":19,"covered":19,"skipped":0,"pct":100},"branches":{"total":6,"covered":6,"skipped":0,"pct":100}}
,"C:\\Users\\User\\Documents\\PROJECT_SPATIAL\\packages\\engine\\src\\indexing\\layout-position-index.ts": {"lines":{"total":38,"covered":38,"skipped":0,"pct":100},"functions":{"total":5,"covered":5,"skipped":0,"pct":100},"statements":{"total":38,"covered":38,"skipped":0,"pct":100},"branches":{"total":10,"covered":10,"skipped":0,"pct":100}}
,"C:\\Users\\User\\Documents\\PROJECT_SPATIAL\\packages\\engine\\src\\indexing\\placement-indexer.ts": {"lines":{"total":45,"covered":45,"skipped":0,"pct":100},"functions":{"total":4,"covered":4,"skipped":0,"pct":100},"statements":{"total":45,"covered":45,"skipped":0,"pct":100},"branches":{"total":12,"covered":12,"skipped":0,"pct":100}}
,"C:\\Users\\User\\Documents\\PROJECT_SPATIAL\\packages\\engine\\src\\layout\\abstract-layout.ts": {"lines":{"total":25,"covered":25,"skipped":0,"pct":100},"functions":{"total":4,"covered":4,"skipped":0,"pct":100},"statements":{"total":25,"covered":25,"skipped":0,"pct":100},"branches":{"total":11,"covered":11,"skipped":0,"pct":100}}
,"C:\\Users\\User\\Documents\\PROJECT_SPATIAL\\packages\\engine\\src\\layout\\circle-layout.ts": {"lines":{"total":18,"covered":18,"skipped":0,"pct":100},"functions":{"total":3,"covered":3,"skipped":0,"pct":100},"statements":{"total":18,"covered":18,"skipped":0,"pct":100},"branches":{"total":9,"covered":9,"skipped":0,"pct":100}}
,"C:\\Users\\User\\Documents\\PROJECT_SPATIAL\\packages\\engine\\src\\layout\\grid-layout.ts": {"lines":{"total":23,"covered":23,"skipped":0,"pct":100},"functions":{"total":3,"covered":3,"skipped":0,"pct":100},"statements":{"total":23,"covered":23,"skipped":0,"pct":100},"branches":{"total":13,"covered":13,"skipped":0,"pct":100}}
,"C:\\Users\\User\\Documents\\PROJECT_SPATIAL\\packages\\engine\\src\\layout\\layout-error.ts": {"lines":{"total":6,"covered":6,"skipped":0,"pct":100},"functions":{"total":2,"covered":2,"skipped":0,"pct":100},"statements":{"total":6,"covered":6,"skipped":0,"pct":100},"branches":{"total":2,"covered":2,"skipped":0,"pct":100}}
,"C:\\Users\\User\\Documents\\PROJECT_SPATIAL\\packages\\engine\\src\\layout\\layout-factory.ts": {"lines":{"total":8,"covered":8,"skipped":0,"pct":100},"functions":{"total":1,"covered":1,"skipped":0,"pct":100},"statements":{"total":8,"covered":8,"skipped":0,"pct":100},"branches":{"total":3,"covered":3,"skipped":0,"pct":100}}
,"C:\\Users\\User\\Documents\\PROJECT_SPATIAL\\packages\\engine\\src\\layout\\layout-serializer.ts": {"lines":{"total":10,"covered":10,"skipped":0,"pct":100},"functions":{"total":1,"covered":1,"skipped":0,"pct":100},"statements":{"total":10,"covered":10,"skipped":0,"pct":100},"branches":{"total":1,"covered":1,"skipped":0,"pct":100}}
,"C:\\Users\\User\\Documents\\PROJECT_SPATIAL\\packages\\engine\\src\\repositories\\repository-error.ts": {"lines":{"total":10,"covered":10,"skipped":0,"pct":100},"functions":{"total":2,"covered":2,"skipped":0,"pct":100},"statements":{"total":10,"covered":10,"skipped":0,"pct":100},"branches":{"total":2,"covered":2,"skipped":0,"pct":100}}
,"C:\\Users\\User\\Documents\\PROJECT_SPATIAL\\packages\\engine\\src\\shape\\cartesian-shape-resolver.ts": {"lines":{"total":58,"covered":58,"skipped":0,"pct":100},"functions":{"total":1,"covered":1,"skipped":0,"pct":100},"statements":{"total":58,"covered":58,"skipped":0,"pct":100},"branches":{"total":9,"covered":9,"skipped":0,"pct":100}}
,"C:\\Users\\User\\Documents\\PROJECT_SPATIAL\\packages\\engine\\src\\shape\\shape-error.ts": {"lines":{"total":9,"covered":9,"skipped":0,"pct":100},"functions":{"total":2,"covered":2,"skipped":0,"pct":100},"statements":{"total":9,"covered":9,"skipped":0,"pct":100},"branches":{"total":2,"covered":2,"skipped":0,"pct":100}}
,"C:\\Users\\User\\Documents\\PROJECT_SPATIAL\\packages\\engine\\src\\shape\\shape-placement-generator.ts": {"lines":{"total":20,"covered":20,"skipped":0,"pct":100},"functions":{"total":3,"covered":3,"skipped":0,"pct":100},"statements":{"total":20,"covered":20,"skipped":0,"pct":100},"branches":{"total":5,"covered":5,"skipped":0,"pct":100}}
,"C:\\Users\\User\\Documents\\PROJECT_SPATIAL\\packages\\engine\\src\\supabase\\create-supabase-dataset-repository.ts": {"lines":{"total":23,"covered":0,"skipped":0,"pct":0},"functions":{"total":1,"covered":0,"skipped":0,"pct":0},"statements":{"total":23,"covered":0,"skipped":0,"pct":0},"branches":{"total":1,"covered":0,"skipped":0,"pct":0}}
,"C:\\Users\\User\\Documents\\PROJECT_SPATIAL\\packages\\engine\\src\\supabase\\supabase-dataset-repository.ts": {"lines":{"total":54,"covered":43,"skipped":0,"pct":79.62},"functions":{"total":3,"covered":3,"skipped":0,"pct":100},"statements":{"total":54,"covered":43,"skipped":0,"pct":79.62},"branches":{"total":10,"covered":7,"skipped":0,"pct":70}}
,"C:\\Users\\User\\Documents\\PROJECT_SPATIAL\\packages\\engine\\src\\validation\\draw-validator.ts": {"lines":{"total":19,"covered":19,"skipped":0,"pct":100},"functions":{"total":2,"covered":2,"skipped":0,"pct":100},"statements":{"total":19,"covered":19,"skipped":0,"pct":100},"branches":{"total":11,"covered":11,"skipped":0,"pct":100}}
}
